<?xml version="1.0" encoding="UTF-8"?>
<testsuite name="ifExpressionsExercise3.TestIfExpressionsExercise3" tests="3" skipped="0" failures="0" errors="0" timestamp="2025-02-27T09:44:19" hostname="gwonjihwan-ui-Macmini.local" time="0.002">
  <properties/>
  <testcase name="testMax1" classname="ifExpressionsExercise3.TestIfExpressionsExercise3" time="0.001"/>
  <testcase name="testMax2" classname="ifExpressionsExercise3.TestIfExpressionsExercise3" time="0.0"/>
  <testcase name="testMax3" classname="ifExpressionsExercise3.TestIfExpressionsExercise3" time="0.0"/>
  <system-out><![CDATA[]]></system-out>
  <system-err><![CDATA[]]></system-err>
</testsuite>
