<?xml version="1.0" encoding="UTF-8"?>
<testsuite name="dataTypesExercise1.TestDataTypesExercise1" tests="2" skipped="0" failures="0" errors="0" timestamp="2025-02-18T06:36:53" hostname="gwonjihwan-ui-Macmini.local" time="0.005">
  <properties/>
  <testcase name="checkOutput" classname="dataTypesExercise1.TestDataTypesExercise1" time="0.005"/>
  <testcase name="checkTypeMismatch" classname="dataTypesExercise1.TestDataTypesExercise1" time="0.0"/>
  <system-out><![CDATA[]]></system-out>
  <system-err><![CDATA[]]></system-err>
</testsuite>
